-- Found ament_cmake: 0.9.12 (/opt/ros/foxy/share/ament_cmake/cmake)
-- Found PythonInterp: /usr/bin/python3 (found suitable version "3.8.10", minimum required is "3") 
-- Using PYTHON_EXECUTABLE: /usr/bin/python3
-- Override CMake install command with custom implementation using symlinks instead of copying resources
-- Found rosidl_default_generators: 1.0.1 (/opt/ros/foxy/share/rosidl_default_generators/cmake)
-- Using all available rosidl_typesupport_c: rosidl_typesupport_fastrtps_c;rosidl_typesupport_introspection_c
-- Found rosidl_adapter: 1.3.1 (/opt/ros/foxy/share/rosidl_adapter/cmake)
-- Using all available rosidl_typesupport_cpp: rosidl_typesupport_fastrtps_cpp;rosidl_typesupport_introspection_cpp
-- Found PythonInterp: /usr/bin/python3 (found version "3.8.10") 
-- Found ament_cmake_ros: 0.9.2 (/opt/ros/foxy/share/ament_cmake_ros/cmake)
-- Using all available rosidl_typesupport_c: rosidl_typesupport_fastrtps_c;rosidl_typesupport_introspection_c
-- Using all available rosidl_typesupport_cpp: rosidl_typesupport_fastrtps_cpp;rosidl_typesupport_introspection_cpp
-- Found PythonInterp: /usr/bin/python3 (found suitable version "3.8.10", minimum required is "3.5") 
-- Found python_cmake_module: 0.8.1 (/opt/ros/foxy/share/python_cmake_module/cmake)
-- Using PYTHON_EXECUTABLE: /usr/bin/python3
-- Using PYTHON_INCLUDE_DIRS: /usr/include/python3.8
-- Using PYTHON_LIBRARIES: /usr/lib/x86_64-linux-gnu/libpython3.8.so
-- Found ament_lint_auto: 0.9.8 (/opt/ros/foxy/share/ament_lint_auto/cmake)
-- Added test 'copyright' to check source files copyright and LICENSE
-- Added test 'lint_cmake' to check CMake code style
-- Added test 'xmllint' to check XML markup files
-- Configuring done
-- Generating done
-- Build files have been written to: /home/takrop/ros2_study/build/msg_package
[  3%] Built target msg_package__cpp
[ 12%] Built target msg_package__rosidl_generator_c
[ 22%] Built target msg_package__rosidl_typesupport_cpp
[ 32%] Built target msg_package__rosidl_typesupport_introspection_cpp
[ 41%] Built target msg_package__rosidl_typesupport_fastrtps_cpp
[ 54%] Built target msg_package__rosidl_typesupport_c
[ 61%] Built target msg_package__rosidl_typesupport_introspection_c
[ 70%] Built target msg_package__rosidl_typesupport_fastrtps_c
[ 70%] Built target msg_package
[ 74%] Built target msg_package__py
[ 80%] Built target msg_package__python
[ 93%] Built target msg_package__rosidl_typesupport_fastrtps_c__pyext
[ 93%] Built target msg_package__rosidl_typesupport_c__pyext
[100%] Built target msg_package__rosidl_typesupport_introspection_c__pyext
-- Install configuration: ""
-- Execute custom install script
-- Up-to-date symlink: /home/takrop/ros2_study/install/msg_package/share/ament_index/resource_index/rosidl_interfaces/msg_package
-- Up-to-date symlink: /home/takrop/ros2_study/install/msg_package/include/msg_package/msg/detail/num_list__functions.h
-- Up-to-date symlink: /home/takrop/ros2_study/install/msg_package/include/msg_package/msg/detail/num_list__struct.h
-- Up-to-date symlink: /home/takrop/ros2_study/install/msg_package/include/msg_package/msg/detail/num_list__type_support.h
-- Up-to-date symlink: /home/takrop/ros2_study/install/msg_package/include/msg_package/msg/num_list.h
-- Up-to-date symlink: /home/takrop/ros2_study/install/msg_package/include/msg_package/msg/rosidl_generator_c__visibility_control.h
-- Up-to-date symlink: /home/takrop/ros2_study/install/msg_package/share/msg_package/environment/library_path.sh
-- Up-to-date symlink: /home/takrop/ros2_study/install/msg_package/share/msg_package/environment/library_path.dsv
-- Up-to-date symlink: /home/takrop/ros2_study/install/msg_package/include/msg_package/msg/detail/num_list__rosidl_typesupport_fastrtps_c.h
-- Up-to-date symlink: /home/takrop/ros2_study/install/msg_package/include/msg_package/msg/rosidl_typesupport_fastrtps_c__visibility_control.h
-- Up-to-date symlink: /home/takrop/ros2_study/install/msg_package/lib/libmsg_package__rosidl_typesupport_fastrtps_c.so
-- Up-to-date symlink: /home/takrop/ros2_study/install/msg_package/include/msg_package/msg/detail/num_list__rosidl_typesupport_fastrtps_cpp.hpp
-- Up-to-date symlink: /home/takrop/ros2_study/install/msg_package/include/msg_package/msg/rosidl_typesupport_fastrtps_cpp__visibility_control.h
-- Up-to-date symlink: /home/takrop/ros2_study/install/msg_package/lib/libmsg_package__rosidl_typesupport_fastrtps_cpp.so
-- Up-to-date symlink: /home/takrop/ros2_study/install/msg_package/include/msg_package/msg/detail/num_list__rosidl_typesupport_introspection_c.h
-- Up-to-date symlink: /home/takrop/ros2_study/install/msg_package/include/msg_package/msg/rosidl_typesupport_introspection_c__visibility_control.h
-- Up-to-date symlink: /home/takrop/ros2_study/install/msg_package/include/msg_package/msg/detail/num_list__builder.hpp
-- Up-to-date symlink: /home/takrop/ros2_study/install/msg_package/include/msg_package/msg/detail/num_list__struct.hpp
-- Up-to-date symlink: /home/takrop/ros2_study/install/msg_package/include/msg_package/msg/detail/num_list__traits.hpp
-- Up-to-date symlink: /home/takrop/ros2_study/install/msg_package/include/msg_package/msg/detail/num_list__type_support.hpp
-- Up-to-date symlink: /home/takrop/ros2_study/install/msg_package/include/msg_package/msg/num_list.hpp
-- Up-to-date symlink: /home/takrop/ros2_study/install/msg_package/include/msg_package/msg/rosidl_generator_cpp__visibility_control.hpp
-- Up-to-date symlink: /home/takrop/ros2_study/install/msg_package/include/msg_package/msg/detail/num_list__rosidl_typesupport_introspection_cpp.hpp
-- Up-to-date symlink: /home/takrop/ros2_study/install/msg_package/share/msg_package/environment/pythonpath.sh
-- Up-to-date symlink: /home/takrop/ros2_study/install/msg_package/share/msg_package/environment/pythonpath.dsv
-- Up-to-date symlink: /home/takrop/ros2_study/install/msg_package/lib/python3.8/site-packages/msg_package/__init__.py
-- Up-to-date symlink: /home/takrop/ros2_study/install/msg_package/lib/python3.8/site-packages/msg_package/msg/__init__.py
-- Up-to-date symlink: /home/takrop/ros2_study/install/msg_package/lib/python3.8/site-packages/msg_package/msg/_num_list.py
-- Up-to-date symlink: /home/takrop/ros2_study/install/msg_package/lib/python3.8/site-packages/msg_package/msg_package_s__rosidl_typesupport_fastrtps_c.cpython-38-x86_64-linux-gnu.so
-- Up-to-date symlink: /home/takrop/ros2_study/install/msg_package/lib/python3.8/site-packages/msg_package/msg_package_s__rosidl_typesupport_introspection_c.cpython-38-x86_64-linux-gnu.so
-- Up-to-date symlink: /home/takrop/ros2_study/install/msg_package/lib/python3.8/site-packages/msg_package/msg_package_s__rosidl_typesupport_c.cpython-38-x86_64-linux-gnu.so
-- Up-to-date symlink: /home/takrop/ros2_study/install/msg_package/lib/libmsg_package__python.so
-- Up-to-date symlink: /home/takrop/ros2_study/install/msg_package/share/msg_package/msg/NumList.idl
-- Up-to-date symlink: /home/takrop/ros2_study/install/msg_package/share/msg_package/msg/NumList.msg
-- Up-to-date symlink: /home/takrop/ros2_study/install/msg_package/share/ament_index/resource_index/package_run_dependencies/msg_package
-- Up-to-date symlink: /home/takrop/ros2_study/install/msg_package/share/ament_index/resource_index/parent_prefix_path/msg_package
-- Up-to-date symlink: /home/takrop/ros2_study/install/msg_package/share/msg_package/environment/ament_prefix_path.sh
-- Up-to-date symlink: /home/takrop/ros2_study/install/msg_package/share/msg_package/environment/ament_prefix_path.dsv
-- Up-to-date symlink: /home/takrop/ros2_study/install/msg_package/share/msg_package/environment/path.sh
-- Up-to-date symlink: /home/takrop/ros2_study/install/msg_package/share/msg_package/environment/path.dsv
-- Up-to-date symlink: /home/takrop/ros2_study/install/msg_package/share/msg_package/local_setup.bash
-- Up-to-date symlink: /home/takrop/ros2_study/install/msg_package/share/msg_package/local_setup.sh
-- Up-to-date symlink: /home/takrop/ros2_study/install/msg_package/share/msg_package/local_setup.zsh
-- Up-to-date symlink: /home/takrop/ros2_study/install/msg_package/share/msg_package/local_setup.dsv
-- Symlinking: /home/takrop/ros2_study/install/msg_package/share/msg_package/package.dsv
-- Up-to-date symlink: /home/takrop/ros2_study/install/msg_package/share/ament_index/resource_index/packages/msg_package
-- Up-to-date symlink: /home/takrop/ros2_study/install/msg_package/share/msg_package/cmake/rosidl_cmake-extras.cmake
-- Up-to-date symlink: /home/takrop/ros2_study/install/msg_package/share/msg_package/cmake/ament_cmake_export_dependencies-extras.cmake
-- Up-to-date symlink: /home/takrop/ros2_study/install/msg_package/share/msg_package/cmake/ament_cmake_export_libraries-extras.cmake
-- Up-to-date symlink: /home/takrop/ros2_study/install/msg_package/share/msg_package/cmake/ament_cmake_export_targets-extras.cmake
-- Up-to-date symlink: /home/takrop/ros2_study/install/msg_package/share/msg_package/cmake/ament_cmake_export_include_directories-extras.cmake
-- Up-to-date symlink: /home/takrop/ros2_study/install/msg_package/share/msg_package/cmake/rosidl_cmake_export_typesupport_libraries-extras.cmake
-- Up-to-date symlink: /home/takrop/ros2_study/install/msg_package/share/msg_package/cmake/rosidl_cmake_export_typesupport_targets-extras.cmake
-- Up-to-date symlink: /home/takrop/ros2_study/install/msg_package/share/msg_package/cmake/msg_packageConfig.cmake
-- Up-to-date symlink: /home/takrop/ros2_study/install/msg_package/share/msg_package/cmake/msg_packageConfig-version.cmake
-- Up-to-date symlink: /home/takrop/ros2_study/install/msg_package/share/msg_package/package.xml
-- Up-to-date: /home/takrop/ros2_study/install/msg_package/lib/libmsg_package__rosidl_generator_c.so
-- Up-to-date: /home/takrop/ros2_study/install/msg_package/lib/libmsg_package__rosidl_typesupport_introspection_c.so
-- Up-to-date: /home/takrop/ros2_study/install/msg_package/lib/libmsg_package__rosidl_typesupport_c.so
-- Up-to-date: /home/takrop/ros2_study/install/msg_package/lib/libmsg_package__rosidl_typesupport_introspection_cpp.so
-- Up-to-date: /home/takrop/ros2_study/install/msg_package/lib/libmsg_package__rosidl_typesupport_cpp.so
Compiling '/home/takrop/ros2_study/install/msg_package/lib/python3.8/site-packages/msg_package/__init__.py'...
-- Up-to-date: /home/takrop/ros2_study/install/msg_package/share/msg_package/cmake/msg_package__rosidl_generator_cExport.cmake
-- Installing: /home/takrop/ros2_study/install/msg_package/share/msg_package/cmake/msg_package__rosidl_generator_cExport-noconfig.cmake
-- Up-to-date: /home/takrop/ros2_study/install/msg_package/share/msg_package/cmake/msg_package__rosidl_typesupport_introspection_cExport.cmake
-- Installing: /home/takrop/ros2_study/install/msg_package/share/msg_package/cmake/msg_package__rosidl_typesupport_introspection_cExport-noconfig.cmake
-- Up-to-date: /home/takrop/ros2_study/install/msg_package/share/msg_package/cmake/msg_package__rosidl_typesupport_cExport.cmake
-- Installing: /home/takrop/ros2_study/install/msg_package/share/msg_package/cmake/msg_package__rosidl_typesupport_cExport-noconfig.cmake
-- Up-to-date: /home/takrop/ros2_study/install/msg_package/share/msg_package/cmake/msg_package__rosidl_generator_cppExport.cmake
-- Up-to-date: /home/takrop/ros2_study/install/msg_package/share/msg_package/cmake/msg_package__rosidl_typesupport_introspection_cppExport.cmake
-- Installing: /home/takrop/ros2_study/install/msg_package/share/msg_package/cmake/msg_package__rosidl_typesupport_introspection_cppExport-noconfig.cmake
-- Up-to-date: /home/takrop/ros2_study/install/msg_package/share/msg_package/cmake/msg_package__rosidl_typesupport_cppExport.cmake
-- Installing: /home/takrop/ros2_study/install/msg_package/share/msg_package/cmake/msg_package__rosidl_typesupport_cppExport-noconfig.cmake
