[0.368s] Invoking command in '/home/takrop/ros2_study/build/msg_package': CMAKE_PREFIX_PATH=${CMAKE_PREFIX_PATH}:/home/takrop/ros2_study/install/second_assignment_pkg:/home/takrop/ros2_study/install/first_assignment_pkg:/opt/ros/foxy /usr/bin/cmake --build /home/takrop/ros2_study/build/msg_package -- -j12 -l12
[0.571s] -- Found ament_cmake: 0.9.12 (/opt/ros/foxy/share/ament_cmake/cmake)
[0.572s] -- Found PythonInterp: /usr/bin/python3 (found suitable version "3.8.10", minimum required is "3") 
[0.572s] -- Using PYTHON_EXECUTABLE: /usr/bin/python3
[0.572s] -- Override CMake install command with custom implementation using symlinks instead of copying resources
[0.573s] -- Found rosidl_default_generators: 1.0.1 (/opt/ros/foxy/share/rosidl_default_generators/cmake)
[0.573s] -- Using all available rosidl_typesupport_c: rosidl_typesupport_fastrtps_c;rosidl_typesupport_introspection_c
[0.573s] -- Found rosidl_adapter: 1.3.1 (/opt/ros/foxy/share/rosidl_adapter/cmake)
[6.552s] -- Using all available rosidl_typesupport_cpp: rosidl_typesupport_fastrtps_cpp;rosidl_typesupport_introspection_cpp
[6.582s] -- Found PythonInterp: /usr/bin/python3 (found version "3.8.10") 
[6.653s] -- Found ament_cmake_ros: 0.9.2 (/opt/ros/foxy/share/ament_cmake_ros/cmake)
[12.764s] -- Using all available rosidl_typesupport_c: rosidl_typesupport_fastrtps_c;rosidl_typesupport_introspection_c
[12.768s] -- Using all available rosidl_typesupport_cpp: rosidl_typesupport_fastrtps_cpp;rosidl_typesupport_introspection_cpp
[12.787s] -- Found PythonInterp: /usr/bin/python3 (found suitable version "3.8.10", minimum required is "3.5") 
[12.787s] -- Found python_cmake_module: 0.8.1 (/opt/ros/foxy/share/python_cmake_module/cmake)
[12.805s] -- Using PYTHON_EXECUTABLE: /usr/bin/python3
[12.805s] -- Using PYTHON_INCLUDE_DIRS: /usr/include/python3.8
[12.805s] -- Using PYTHON_LIBRARIES: /usr/lib/x86_64-linux-gnu/libpython3.8.so
[12.813s] -- Found ament_lint_auto: 0.9.8 (/opt/ros/foxy/share/ament_lint_auto/cmake)
[12.819s] -- Added test 'copyright' to check source files copyright and LICENSE
[12.820s] -- Added test 'lint_cmake' to check CMake code style
[12.820s] -- Added test 'xmllint' to check XML markup files
[12.823s] -- Configuring done
[12.837s] -- Generating done
[12.839s] -- Build files have been written to: /home/takrop/ros2_study/build/msg_package
[12.860s] [  3%] Built target msg_package__cpp
[12.861s] [ 12%] Built target msg_package__rosidl_generator_c
[12.873s] [ 22%] Built target msg_package__rosidl_typesupport_cpp
[12.873s] [ 32%] Built target msg_package__rosidl_typesupport_introspection_cpp
[12.874s] [ 41%] Built target msg_package__rosidl_typesupport_fastrtps_cpp
[12.886s] [ 54%] Built target msg_package__rosidl_typesupport_c
[12.886s] [ 61%] Built target msg_package__rosidl_typesupport_introspection_c
[12.889s] [ 70%] Built target msg_package__rosidl_typesupport_fastrtps_c
[12.901s] [ 70%] Built target msg_package
[12.912s] [ 74%] Built target msg_package__py
[12.926s] [ 80%] Built target msg_package__python
[12.940s] [ 93%] Built target msg_package__rosidl_typesupport_fastrtps_c__pyext
[12.941s] [ 93%] Built target msg_package__rosidl_typesupport_c__pyext
[12.941s] [100%] Built target msg_package__rosidl_typesupport_introspection_c__pyext
[12.949s] Invoked command in '/home/takrop/ros2_study/build/msg_package' returned '0': CMAKE_PREFIX_PATH=${CMAKE_PREFIX_PATH}:/home/takrop/ros2_study/install/second_assignment_pkg:/home/takrop/ros2_study/install/first_assignment_pkg:/opt/ros/foxy /usr/bin/cmake --build /home/takrop/ros2_study/build/msg_package -- -j12 -l12
[12.982s] Invoking command in '/home/takrop/ros2_study/build/msg_package': CMAKE_PREFIX_PATH=${CMAKE_PREFIX_PATH}:/home/takrop/ros2_study/install/second_assignment_pkg:/home/takrop/ros2_study/install/first_assignment_pkg:/opt/ros/foxy /usr/bin/cmake --install /home/takrop/ros2_study/build/msg_package
[12.987s] -- Install configuration: ""
[12.988s] -- Execute custom install script
[12.988s] -- Up-to-date symlink: /home/takrop/ros2_study/install/msg_package/share/ament_index/resource_index/rosidl_interfaces/msg_package
[12.988s] -- Up-to-date symlink: /home/takrop/ros2_study/install/msg_package/include/msg_package/msg/detail/num_list__functions.h
[12.988s] -- Up-to-date symlink: /home/takrop/ros2_study/install/msg_package/include/msg_package/msg/detail/num_list__struct.h
[12.989s] -- Up-to-date symlink: /home/takrop/ros2_study/install/msg_package/include/msg_package/msg/detail/num_list__type_support.h
[12.989s] -- Up-to-date symlink: /home/takrop/ros2_study/install/msg_package/include/msg_package/msg/num_list.h
[12.989s] -- Up-to-date symlink: /home/takrop/ros2_study/install/msg_package/include/msg_package/msg/rosidl_generator_c__visibility_control.h
[12.989s] -- Up-to-date symlink: /home/takrop/ros2_study/install/msg_package/share/msg_package/environment/library_path.sh
[12.989s] -- Up-to-date symlink: /home/takrop/ros2_study/install/msg_package/share/msg_package/environment/library_path.dsv
[12.990s] -- Up-to-date symlink: /home/takrop/ros2_study/install/msg_package/include/msg_package/msg/detail/num_list__rosidl_typesupport_fastrtps_c.h
[12.990s] -- Up-to-date symlink: /home/takrop/ros2_study/install/msg_package/include/msg_package/msg/rosidl_typesupport_fastrtps_c__visibility_control.h
[12.990s] -- Up-to-date symlink: /home/takrop/ros2_study/install/msg_package/lib/libmsg_package__rosidl_typesupport_fastrtps_c.so
[12.990s] -- Up-to-date symlink: /home/takrop/ros2_study/install/msg_package/include/msg_package/msg/detail/num_list__rosidl_typesupport_fastrtps_cpp.hpp
[12.991s] -- Up-to-date symlink: /home/takrop/ros2_study/install/msg_package/include/msg_package/msg/rosidl_typesupport_fastrtps_cpp__visibility_control.h
[12.991s] -- Up-to-date symlink: /home/takrop/ros2_study/install/msg_package/lib/libmsg_package__rosidl_typesupport_fastrtps_cpp.so
[12.991s] -- Up-to-date symlink: /home/takrop/ros2_study/install/msg_package/include/msg_package/msg/detail/num_list__rosidl_typesupport_introspection_c.h
[12.991s] -- Up-to-date symlink: /home/takrop/ros2_study/install/msg_package/include/msg_package/msg/rosidl_typesupport_introspection_c__visibility_control.h
[12.992s] -- Up-to-date symlink: /home/takrop/ros2_study/install/msg_package/include/msg_package/msg/detail/num_list__builder.hpp
[12.992s] -- Up-to-date symlink: /home/takrop/ros2_study/install/msg_package/include/msg_package/msg/detail/num_list__struct.hpp
[12.992s] -- Up-to-date symlink: /home/takrop/ros2_study/install/msg_package/include/msg_package/msg/detail/num_list__traits.hpp
[12.992s] -- Up-to-date symlink: /home/takrop/ros2_study/install/msg_package/include/msg_package/msg/detail/num_list__type_support.hpp
[12.993s] -- Up-to-date symlink: /home/takrop/ros2_study/install/msg_package/include/msg_package/msg/num_list.hpp
[12.993s] -- Up-to-date symlink: /home/takrop/ros2_study/install/msg_package/include/msg_package/msg/rosidl_generator_cpp__visibility_control.hpp
[12.993s] -- Up-to-date symlink: /home/takrop/ros2_study/install/msg_package/include/msg_package/msg/detail/num_list__rosidl_typesupport_introspection_cpp.hpp
[12.993s] -- Up-to-date symlink: /home/takrop/ros2_study/install/msg_package/share/msg_package/environment/pythonpath.sh
[12.993s] -- Up-to-date symlink: /home/takrop/ros2_study/install/msg_package/share/msg_package/environment/pythonpath.dsv
[12.994s] -- Up-to-date symlink: /home/takrop/ros2_study/install/msg_package/lib/python3.8/site-packages/msg_package/__init__.py
[12.994s] -- Up-to-date symlink: /home/takrop/ros2_study/install/msg_package/lib/python3.8/site-packages/msg_package/msg/__init__.py
[12.994s] -- Up-to-date symlink: /home/takrop/ros2_study/install/msg_package/lib/python3.8/site-packages/msg_package/msg/_num_list.py
[12.994s] -- Up-to-date symlink: /home/takrop/ros2_study/install/msg_package/lib/python3.8/site-packages/msg_package/msg_package_s__rosidl_typesupport_fastrtps_c.cpython-38-x86_64-linux-gnu.so
[12.994s] -- Up-to-date symlink: /home/takrop/ros2_study/install/msg_package/lib/python3.8/site-packages/msg_package/msg_package_s__rosidl_typesupport_introspection_c.cpython-38-x86_64-linux-gnu.so
[12.995s] -- Up-to-date symlink: /home/takrop/ros2_study/install/msg_package/lib/python3.8/site-packages/msg_package/msg_package_s__rosidl_typesupport_c.cpython-38-x86_64-linux-gnu.so
[12.995s] -- Up-to-date symlink: /home/takrop/ros2_study/install/msg_package/lib/libmsg_package__python.so
[12.995s] -- Up-to-date symlink: /home/takrop/ros2_study/install/msg_package/share/msg_package/msg/NumList.idl
[12.995s] -- Up-to-date symlink: /home/takrop/ros2_study/install/msg_package/share/msg_package/msg/NumList.msg
[12.995s] -- Up-to-date symlink: /home/takrop/ros2_study/install/msg_package/share/ament_index/resource_index/package_run_dependencies/msg_package
[12.995s] -- Up-to-date symlink: /home/takrop/ros2_study/install/msg_package/share/ament_index/resource_index/parent_prefix_path/msg_package
[12.996s] -- Up-to-date symlink: /home/takrop/ros2_study/install/msg_package/share/msg_package/environment/ament_prefix_path.sh
[12.996s] -- Up-to-date symlink: /home/takrop/ros2_study/install/msg_package/share/msg_package/environment/ament_prefix_path.dsv
[12.996s] -- Up-to-date symlink: /home/takrop/ros2_study/install/msg_package/share/msg_package/environment/path.sh
[12.996s] -- Up-to-date symlink: /home/takrop/ros2_study/install/msg_package/share/msg_package/environment/path.dsv
[12.996s] -- Up-to-date symlink: /home/takrop/ros2_study/install/msg_package/share/msg_package/local_setup.bash
[12.996s] -- Up-to-date symlink: /home/takrop/ros2_study/install/msg_package/share/msg_package/local_setup.sh
[12.996s] -- Up-to-date symlink: /home/takrop/ros2_study/install/msg_package/share/msg_package/local_setup.zsh
[12.996s] -- Up-to-date symlink: /home/takrop/ros2_study/install/msg_package/share/msg_package/local_setup.dsv
[12.997s] -- Symlinking: /home/takrop/ros2_study/install/msg_package/share/msg_package/package.dsv
[13.002s] -- Up-to-date symlink: /home/takrop/ros2_study/install/msg_package/share/ament_index/resource_index/packages/msg_package
[13.002s] -- Up-to-date symlink: /home/takrop/ros2_study/install/msg_package/share/msg_package/cmake/rosidl_cmake-extras.cmake
[13.002s] -- Up-to-date symlink: /home/takrop/ros2_study/install/msg_package/share/msg_package/cmake/ament_cmake_export_dependencies-extras.cmake
[13.002s] -- Up-to-date symlink: /home/takrop/ros2_study/install/msg_package/share/msg_package/cmake/ament_cmake_export_libraries-extras.cmake
[13.003s] -- Up-to-date symlink: /home/takrop/ros2_study/install/msg_package/share/msg_package/cmake/ament_cmake_export_targets-extras.cmake
[13.003s] -- Up-to-date symlink: /home/takrop/ros2_study/install/msg_package/share/msg_package/cmake/ament_cmake_export_include_directories-extras.cmake
[13.003s] -- Up-to-date symlink: /home/takrop/ros2_study/install/msg_package/share/msg_package/cmake/rosidl_cmake_export_typesupport_libraries-extras.cmake
[13.004s] -- Up-to-date symlink: /home/takrop/ros2_study/install/msg_package/share/msg_package/cmake/rosidl_cmake_export_typesupport_targets-extras.cmake
[13.004s] -- Up-to-date symlink: /home/takrop/ros2_study/install/msg_package/share/msg_package/cmake/msg_packageConfig.cmake
[13.004s] -- Up-to-date symlink: /home/takrop/ros2_study/install/msg_package/share/msg_package/cmake/msg_packageConfig-version.cmake
[13.004s] -- Up-to-date symlink: /home/takrop/ros2_study/install/msg_package/share/msg_package/package.xml
[13.004s] -- Up-to-date: /home/takrop/ros2_study/install/msg_package/lib/libmsg_package__rosidl_generator_c.so
[13.004s] -- Up-to-date: /home/takrop/ros2_study/install/msg_package/lib/libmsg_package__rosidl_typesupport_introspection_c.so
[13.005s] -- Up-to-date: /home/takrop/ros2_study/install/msg_package/lib/libmsg_package__rosidl_typesupport_c.so
[13.005s] -- Up-to-date: /home/takrop/ros2_study/install/msg_package/lib/libmsg_package__rosidl_typesupport_introspection_cpp.so
[13.005s] -- Up-to-date: /home/takrop/ros2_study/install/msg_package/lib/libmsg_package__rosidl_typesupport_cpp.so
[13.025s] Compiling '/home/takrop/ros2_study/install/msg_package/lib/python3.8/site-packages/msg_package/__init__.py'...
[13.028s] -- Up-to-date: /home/takrop/ros2_study/install/msg_package/share/msg_package/cmake/msg_package__rosidl_generator_cExport.cmake
[13.028s] -- Installing: /home/takrop/ros2_study/install/msg_package/share/msg_package/cmake/msg_package__rosidl_generator_cExport-noconfig.cmake
[13.028s] -- Up-to-date: /home/takrop/ros2_study/install/msg_package/share/msg_package/cmake/msg_package__rosidl_typesupport_introspection_cExport.cmake
[13.028s] -- Installing: /home/takrop/ros2_study/install/msg_package/share/msg_package/cmake/msg_package__rosidl_typesupport_introspection_cExport-noconfig.cmake
[13.029s] -- Up-to-date: /home/takrop/ros2_study/install/msg_package/share/msg_package/cmake/msg_package__rosidl_typesupport_cExport.cmake
[13.029s] -- Installing: /home/takrop/ros2_study/install/msg_package/share/msg_package/cmake/msg_package__rosidl_typesupport_cExport-noconfig.cmake
[13.029s] -- Up-to-date: /home/takrop/ros2_study/install/msg_package/share/msg_package/cmake/msg_package__rosidl_generator_cppExport.cmake
[13.029s] -- Up-to-date: /home/takrop/ros2_study/install/msg_package/share/msg_package/cmake/msg_package__rosidl_typesupport_introspection_cppExport.cmake
[13.029s] -- Installing: /home/takrop/ros2_study/install/msg_package/share/msg_package/cmake/msg_package__rosidl_typesupport_introspection_cppExport-noconfig.cmake
[13.029s] -- Up-to-date: /home/takrop/ros2_study/install/msg_package/share/msg_package/cmake/msg_package__rosidl_typesupport_cppExport.cmake
[13.029s] -- Installing: /home/takrop/ros2_study/install/msg_package/share/msg_package/cmake/msg_package__rosidl_typesupport_cppExport-noconfig.cmake
[13.030s] Invoked command in '/home/takrop/ros2_study/build/msg_package' returned '0': CMAKE_PREFIX_PATH=${CMAKE_PREFIX_PATH}:/home/takrop/ros2_study/install/second_assignment_pkg:/home/takrop/ros2_study/install/first_assignment_pkg:/opt/ros/foxy /usr/bin/cmake --install /home/takrop/ros2_study/build/msg_package
